2020-03-14 13:05:03,736 [INFO] from play.api.db.DefaultDBApi in play-dev-mode-akka.actor.default-dispatcher-5 - Database [default] initialized at jdbc:mysql://localhost:3306/tm?useSSL=false
2020-03-14 13:05:03,742 [INFO] from play.api.db.HikariCPConnectionPool in play-dev-mode-akka.actor.default-dispatcher-5 - Creating Pool for datasource 'default'
2020-03-14 13:05:04,835 [INFO] from play.api.http.EnabledFilters in play-dev-mode-akka.actor.default-dispatcher-5 - Enabled Filters (see <https://www.playframework.com/documentation/latest/Filters>):

    play.filters.csrf.CSRFFilter
    play.filters.headers.SecurityHeadersFilter
    play.filters.hosts.AllowedHostsFilter
    play.filters.cors.CORSFilter

2020-03-14 13:05:04,839 [INFO] from play.api.Play in play-dev-mode-akka.actor.default-dispatcher-5 - Application started (Dev) (no global state)
2020-03-14 13:05:04,884 [ERROR] from play.api.http.DefaultHttpErrorHandler in play-dev-mode-akka.actor.default-dispatcher-5 - 

! @7f64819ma - Internal server error, for (GET) [/] ->
 
play.api.db.evolutions.InvalidDatabaseRevision: Database 'default' needs evolution![An SQL script need to be run on your database.]
	at play.api.db.evolutions.EvolutionsWebCommands.$anonfun$handleWebCommand$5(ApplicationEvolutions.scala:523)
	at play.api.db.evolutions.EvolutionsWebCommands.$anonfun$handleWebCommand$5$adapted(ApplicationEvolutions.scala:516)
	at play.api.db.evolutions.ApplicationEvolutions$.$anonfun$runEvolutions$1(ApplicationEvolutions.scala:208)
	at play.api.db.evolutions.ApplicationEvolutions$.withLock(ApplicationEvolutions.scala:229)
	at play.api.db.evolutions.ApplicationEvolutions$.runEvolutions(ApplicationEvolutions.scala:199)
	at play.api.db.evolutions.EvolutionsWebCommands.$anonfun$handleWebCommand$4(ApplicationEvolutions.scala:516)
	at play.api.db.evolutions.EvolutionsWebCommands.$anonfun$handleWebCommand$4$adapted(ApplicationEvolutions.scala:511)
	at scala.collection.immutable.List.foreach(List.scala:305)
	at play.api.db.evolutions.EvolutionsWebCommands.handleWebCommand(ApplicationEvolutions.scala:511)
	at play.core.DefaultWebCommands.$anonfun$handleWebCommand$1(WebCommands.scala:42)
	at scala.collection.immutable.Stream.flatMap(Stream.scala:202)
	at play.core.DefaultWebCommands.handleWebCommand(WebCommands.scala:42)
	at play.api.http.DefaultHttpRequestHandler.$anonfun$handlerForRequest$4(HttpRequestHandler.scala:200)
	at scala.Option.flatMap(Option.scala:283)
	at play.api.http.DefaultHttpRequestHandler.handlerForRequest(HttpRequestHandler.scala:199)
	at play.core.server.Server$.getHandlerFor(Server.scala:126)
	at play.core.server.AkkaHttpServer.handleRequest(AkkaHttpServer.scala:315)
	at play.core.server.AkkaHttpServer.$anonfun$createServerBinding$1(AkkaHttpServer.scala:190)
	at akka.stream.impl.fusing.MapAsync$$anon$30.onPush(Ops.scala:1289)
	at akka.stream.impl.fusing.GraphInterpreter.processPush(GraphInterpreter.scala:541)
	at akka.stream.impl.fusing.GraphInterpreter.execute(GraphInterpreter.scala:423)
	at akka.stream.impl.fusing.GraphInterpreterShell.runBatch(ActorGraphInterpreter.scala:624)
	at akka.stream.impl.fusing.GraphInterpreterShell$AsyncInput.execute(ActorGraphInterpreter.scala:501)
	at akka.stream.impl.fusing.GraphInterpreterShell.processEvent(ActorGraphInterpreter.scala:599)
	at akka.stream.impl.fusing.ActorGraphInterpreter.akka$stream$impl$fusing$ActorGraphInterpreter$$processEvent(ActorGraphInterpreter.scala:768)
	at akka.stream.impl.fusing.ActorGraphInterpreter$$anonfun$receive$1.applyOrElse(ActorGraphInterpreter.scala:783)
	at akka.actor.Actor.aroundReceive(Actor.scala:534)
	at akka.actor.Actor.aroundReceive$(Actor.scala:532)
	at akka.stream.impl.fusing.ActorGraphInterpreter.aroundReceive(ActorGraphInterpreter.scala:690)
	at akka.actor.ActorCell.receiveMessage(ActorCell.scala:573)
	at akka.actor.ActorCell.invoke(ActorCell.scala:543)
	at akka.dispatch.Mailbox.processMailbox(Mailbox.scala:269)
	at akka.dispatch.Mailbox.run(Mailbox.scala:230)
	at akka.dispatch.Mailbox.exec(Mailbox.scala:242)
	at java.base/java.util.concurrent.ForkJoinTask.doExec(ForkJoinTask.java:290)
	at java.base/java.util.concurrent.ForkJoinPool$WorkQueue.topLevelExec(ForkJoinPool.java:1016)
	at java.base/java.util.concurrent.ForkJoinPool.scan(ForkJoinPool.java:1665)
	at java.base/java.util.concurrent.ForkJoinPool.runWorker(ForkJoinPool.java:1598)
	at java.base/java.util.concurrent.ForkJoinWorkerThread.run(ForkJoinWorkerThread.java:177)
2020-03-14 13:05:09,611 [ERROR] from play.api.db.evolutions.DefaultEvolutionsApi in play-dev-mode-akka.actor.default-dispatcher-12 - Can't DROP 'fk_computer_company_id'; check that column/key exists [ERROR:1091, SQLSTATE:42000]
2020-03-14 13:05:09,612 [ERROR] from play.api.http.DefaultHttpErrorHandler in play-dev-mode-akka.actor.default-dispatcher-12 - 

! @7f6481gm8 - Internal server error, for (GET) [/@evolutions/apply/default?redirect=http%3A%2F%2Flocalhost%3A9000%2F] ->
 
play.api.db.evolutions.InconsistentDatabase: Database 'default' is in an inconsistent state![An evolution has not been applied properly. Please check the problem and resolve it manually before marking it as resolved.]
	at play.api.db.evolutions.DatabaseEvolutions.$anonfun$checkEvolutionsState$3(EvolutionsApi.scala:305)
	at play.api.db.evolutions.DatabaseEvolutions.$anonfun$checkEvolutionsState$3$adapted(EvolutionsApi.scala:290)
	at play.api.db.evolutions.DatabaseEvolutions.executeQuery(EvolutionsApi.scala:337)
	at play.api.db.evolutions.DatabaseEvolutions.checkEvolutionsState(EvolutionsApi.scala:290)
	at play.api.db.evolutions.DatabaseEvolutions.evolve(EvolutionsApi.scala:259)
	at play.api.db.evolutions.DefaultEvolutionsApi.evolve(EvolutionsApi.scala:103)
	at play.api.db.evolutions.EvolutionsWebCommands.handleWebCommand(ApplicationEvolutions.scala:490)
	at play.core.DefaultWebCommands.$anonfun$handleWebCommand$1(WebCommands.scala:42)
	at scala.collection.immutable.Stream.flatMap(Stream.scala:202)
	at play.core.DefaultWebCommands.handleWebCommand(WebCommands.scala:42)
	at play.api.http.DefaultHttpRequestHandler.$anonfun$handlerForRequest$4(HttpRequestHandler.scala:200)
	at scala.Option.flatMap(Option.scala:283)
	at play.api.http.DefaultHttpRequestHandler.handlerForRequest(HttpRequestHandler.scala:199)
	at play.core.server.Server$.getHandlerFor(Server.scala:126)
	at play.core.server.AkkaHttpServer.handleRequest(AkkaHttpServer.scala:315)
	at play.core.server.AkkaHttpServer.$anonfun$createServerBinding$1(AkkaHttpServer.scala:190)
	at akka.stream.impl.fusing.MapAsync$$anon$30.onPush(Ops.scala:1289)
	at akka.stream.impl.fusing.GraphInterpreter.processPush(GraphInterpreter.scala:541)
	at akka.stream.impl.fusing.GraphInterpreter.execute(GraphInterpreter.scala:423)
	at akka.stream.impl.fusing.GraphInterpreterShell.runBatch(ActorGraphInterpreter.scala:624)
	at akka.stream.impl.fusing.GraphInterpreterShell$AsyncInput.execute(ActorGraphInterpreter.scala:501)
	at akka.stream.impl.fusing.GraphInterpreterShell.processEvent(ActorGraphInterpreter.scala:599)
	at akka.stream.impl.fusing.ActorGraphInterpreter.akka$stream$impl$fusing$ActorGraphInterpreter$$processEvent(ActorGraphInterpreter.scala:768)
	at akka.stream.impl.fusing.ActorGraphInterpreter$$anonfun$receive$1.applyOrElse(ActorGraphInterpreter.scala:783)
	at akka.actor.Actor.aroundReceive(Actor.scala:534)
	at akka.actor.Actor.aroundReceive$(Actor.scala:532)
	at akka.stream.impl.fusing.ActorGraphInterpreter.aroundReceive(ActorGraphInterpreter.scala:690)
	at akka.actor.ActorCell.receiveMessage(ActorCell.scala:573)
	at akka.actor.ActorCell.invoke(ActorCell.scala:543)
	at akka.dispatch.Mailbox.processMailbox(Mailbox.scala:269)
	at akka.dispatch.Mailbox.run(Mailbox.scala:230)
	at akka.dispatch.Mailbox.exec(Mailbox.scala:242)
	at java.base/java.util.concurrent.ForkJoinTask.doExec(ForkJoinTask.java:290)
	at java.base/java.util.concurrent.ForkJoinPool$WorkQueue.topLevelExec(ForkJoinPool.java:1016)
	at java.base/java.util.concurrent.ForkJoinPool.scan(ForkJoinPool.java:1665)
	at java.base/java.util.concurrent.ForkJoinPool.runWorker(ForkJoinPool.java:1598)
	at java.base/java.util.concurrent.ForkJoinWorkerThread.run(ForkJoinWorkerThread.java:177)
2020-03-14 13:05:10,864 [INFO] from play.api.db.HikariCPConnectionPool in application-akka.actor.internal-dispatcher-3 - Shutting down connection pool.
2020-03-14 13:05:11,136 [INFO] from play.api.db.DefaultDBApi in play-dev-mode-akka.actor.default-dispatcher-10 - Database [default] initialized at jdbc:mysql://localhost:3306/tm?useSSL=false
2020-03-14 13:05:11,136 [INFO] from play.api.db.HikariCPConnectionPool in play-dev-mode-akka.actor.default-dispatcher-10 - Creating Pool for datasource 'default'
2020-03-14 13:05:11,248 [INFO] from play.api.http.EnabledFilters in play-dev-mode-akka.actor.default-dispatcher-10 - Enabled Filters (see <https://www.playframework.com/documentation/latest/Filters>):

    play.filters.csrf.CSRFFilter
    play.filters.headers.SecurityHeadersFilter
    play.filters.hosts.AllowedHostsFilter
    play.filters.cors.CORSFilter

2020-03-14 13:05:11,250 [INFO] from play.api.Play in play-dev-mode-akka.actor.default-dispatcher-10 - Application started (Dev) (no global state)
2020-03-14 13:05:11,263 [ERROR] from play.api.db.evolutions.DefaultEvolutionsApi in play-dev-mode-akka.actor.default-dispatcher-10 - Table 'company' already exists [ERROR:1050, SQLSTATE:42S01]
2020-03-14 13:05:11,264 [ERROR] from play.api.http.DefaultHttpErrorHandler in play-dev-mode-akka.actor.default-dispatcher-10 - 

! @7f6481j7m - Internal server error, for (GET) [/@evolutions/apply/default?redirect=http%3A%2F%2Flocalhost%3A9000%2F] ->
 
play.api.db.evolutions.InconsistentDatabase: Database 'default' is in an inconsistent state![An evolution has not been applied properly. Please check the problem and resolve it manually before marking it as resolved.]
	at play.api.db.evolutions.DatabaseEvolutions.$anonfun$checkEvolutionsState$3(EvolutionsApi.scala:305)
	at play.api.db.evolutions.DatabaseEvolutions.$anonfun$checkEvolutionsState$3$adapted(EvolutionsApi.scala:290)
	at play.api.db.evolutions.DatabaseEvolutions.executeQuery(EvolutionsApi.scala:337)
	at play.api.db.evolutions.DatabaseEvolutions.checkEvolutionsState(EvolutionsApi.scala:290)
	at play.api.db.evolutions.DatabaseEvolutions.evolve(EvolutionsApi.scala:259)
	at play.api.db.evolutions.DefaultEvolutionsApi.evolve(EvolutionsApi.scala:103)
	at play.api.db.evolutions.EvolutionsWebCommands.handleWebCommand(ApplicationEvolutions.scala:490)
	at play.core.DefaultWebCommands.$anonfun$handleWebCommand$1(WebCommands.scala:42)
	at scala.collection.immutable.Stream.flatMap(Stream.scala:202)
	at play.core.DefaultWebCommands.handleWebCommand(WebCommands.scala:42)
	at play.api.http.DefaultHttpRequestHandler.$anonfun$handlerForRequest$4(HttpRequestHandler.scala:200)
	at scala.Option.flatMap(Option.scala:283)
	at play.api.http.DefaultHttpRequestHandler.handlerForRequest(HttpRequestHandler.scala:199)
	at play.core.server.Server$.getHandlerFor(Server.scala:126)
	at play.core.server.AkkaHttpServer.handleRequest(AkkaHttpServer.scala:315)
	at play.core.server.AkkaHttpServer.$anonfun$createServerBinding$1(AkkaHttpServer.scala:190)
	at akka.stream.impl.fusing.MapAsync$$anon$30.onPush(Ops.scala:1289)
	at akka.stream.impl.fusing.GraphInterpreter.processPush(GraphInterpreter.scala:541)
	at akka.stream.impl.fusing.GraphInterpreter.execute(GraphInterpreter.scala:423)
	at akka.stream.impl.fusing.GraphInterpreterShell.runBatch(ActorGraphInterpreter.scala:624)
	at akka.stream.impl.fusing.GraphInterpreterShell$AsyncInput.execute(ActorGraphInterpreter.scala:501)
	at akka.stream.impl.fusing.GraphInterpreterShell.processEvent(ActorGraphInterpreter.scala:599)
	at akka.stream.impl.fusing.ActorGraphInterpreter.akka$stream$impl$fusing$ActorGraphInterpreter$$processEvent(ActorGraphInterpreter.scala:768)
	at akka.stream.impl.fusing.ActorGraphInterpreter$$anonfun$receive$1.applyOrElse(ActorGraphInterpreter.scala:783)
	at akka.actor.Actor.aroundReceive(Actor.scala:534)
	at akka.actor.Actor.aroundReceive$(Actor.scala:532)
	at akka.stream.impl.fusing.ActorGraphInterpreter.aroundReceive(ActorGraphInterpreter.scala:690)
	at akka.actor.ActorCell.receiveMessage(ActorCell.scala:573)
	at akka.actor.ActorCell.invoke(ActorCell.scala:543)
	at akka.dispatch.Mailbox.processMailbox(Mailbox.scala:269)
	at akka.dispatch.Mailbox.run(Mailbox.scala:230)
	at akka.dispatch.Mailbox.exec(Mailbox.scala:242)
	at java.base/java.util.concurrent.ForkJoinTask.doExec(ForkJoinTask.java:290)
	at java.base/java.util.concurrent.ForkJoinPool$WorkQueue.topLevelExec(ForkJoinPool.java:1016)
	at java.base/java.util.concurrent.ForkJoinPool.scan(ForkJoinPool.java:1665)
	at java.base/java.util.concurrent.ForkJoinPool.runWorker(ForkJoinPool.java:1598)
	at java.base/java.util.concurrent.ForkJoinWorkerThread.run(ForkJoinWorkerThread.java:177)
2020-03-14 13:05:12,313 [INFO] from play.api.db.HikariCPConnectionPool in application-akka.actor.internal-dispatcher-3 - Shutting down connection pool.
2020-03-14 13:05:12,551 [INFO] from play.api.db.DefaultDBApi in play-dev-mode-akka.actor.default-dispatcher-10 - Database [default] initialized at jdbc:mysql://localhost:3306/tm?useSSL=false
2020-03-14 13:05:12,553 [INFO] from play.api.db.HikariCPConnectionPool in play-dev-mode-akka.actor.default-dispatcher-10 - Creating Pool for datasource 'default'
2020-03-14 13:05:12,657 [INFO] from play.api.http.EnabledFilters in play-dev-mode-akka.actor.default-dispatcher-10 - Enabled Filters (see <https://www.playframework.com/documentation/latest/Filters>):

    play.filters.csrf.CSRFFilter
    play.filters.headers.SecurityHeadersFilter
    play.filters.hosts.AllowedHostsFilter
    play.filters.cors.CORSFilter

2020-03-14 13:05:12,658 [INFO] from play.api.Play in play-dev-mode-akka.actor.default-dispatcher-10 - Application started (Dev) (no global state)
2020-03-14 13:05:13,078 [INFO] from play.api.db.HikariCPConnectionPool in application-akka.actor.internal-dispatcher-2 - Shutting down connection pool.
2020-03-14 13:05:13,285 [INFO] from play.api.db.DefaultDBApi in play-dev-mode-akka.actor.default-dispatcher-10 - Database [default] initialized at jdbc:mysql://localhost:3306/tm?useSSL=false
2020-03-14 13:05:13,285 [INFO] from play.api.db.HikariCPConnectionPool in play-dev-mode-akka.actor.default-dispatcher-10 - Creating Pool for datasource 'default'
2020-03-14 13:05:13,373 [INFO] from play.api.http.EnabledFilters in play-dev-mode-akka.actor.default-dispatcher-10 - Enabled Filters (see <https://www.playframework.com/documentation/latest/Filters>):

    play.filters.csrf.CSRFFilter
    play.filters.headers.SecurityHeadersFilter
    play.filters.hosts.AllowedHostsFilter
    play.filters.cors.CORSFilter

2020-03-14 13:05:13,375 [INFO] from play.api.Play in play-dev-mode-akka.actor.default-dispatcher-10 - Application started (Dev) (no global state)
2020-03-14 13:37:06,325 [WARN] from com.zaxxer.hikari.pool.HikariPool in HikariPool-4 housekeeper - HikariPool-4 - Thread starvation or clock leap detected (housekeeper delta=30m22s923ms).
2020-03-14 14:14:48,352 [WARN] from com.zaxxer.hikari.pool.HikariPool in HikariPool-4 housekeeper - HikariPool-4 - Thread starvation or clock leap detected (housekeeper delta=37m12s9ms).
2020-03-14 14:29:01,345 [WARN] from com.zaxxer.hikari.pool.HikariPool in HikariPool-4 housekeeper - HikariPool-4 - Thread starvation or clock leap detected (housekeeper delta=13m42s991ms).
2020-03-14 15:18:22,034 [INFO] from play.api.db.HikariCPConnectionPool in application-akka.actor.internal-dispatcher-4 - Shutting down connection pool.
2020-03-14 15:18:22,254 [INFO] from play.api.db.DefaultDBApi in play-dev-mode-akka.actor.default-dispatcher-35 - Database [default] initialized at jdbc:mysql://localhost:3306/tm?useSSL=false
2020-03-14 15:18:22,254 [INFO] from play.api.db.HikariCPConnectionPool in play-dev-mode-akka.actor.default-dispatcher-35 - Creating Pool for datasource 'default'
2020-03-14 15:18:22,340 [INFO] from play.api.http.EnabledFilters in play-dev-mode-akka.actor.default-dispatcher-35 - Enabled Filters (see <https://www.playframework.com/documentation/latest/Filters>):

    play.filters.csrf.CSRFFilter
    play.filters.headers.SecurityHeadersFilter
    play.filters.hosts.AllowedHostsFilter
    play.filters.cors.CORSFilter

2020-03-14 15:18:22,341 [INFO] from play.api.Play in play-dev-mode-akka.actor.default-dispatcher-35 - Application started (Dev) (no global state)
2020-03-14 15:18:22,347 [ERROR] from play.api.http.DefaultHttpErrorHandler in play-dev-mode-akka.actor.default-dispatcher-35 - 

! @7f64peab5 - Internal server error, for (GET) [/userCrops/9] ->
 
play.api.db.evolutions.InvalidDatabaseRevision: Database 'default' needs evolution![An SQL script need to be run on your database.]
	at play.api.db.evolutions.EvolutionsWebCommands.$anonfun$handleWebCommand$5(ApplicationEvolutions.scala:523)
	at play.api.db.evolutions.EvolutionsWebCommands.$anonfun$handleWebCommand$5$adapted(ApplicationEvolutions.scala:516)
	at play.api.db.evolutions.ApplicationEvolutions$.$anonfun$runEvolutions$1(ApplicationEvolutions.scala:208)
	at play.api.db.evolutions.ApplicationEvolutions$.withLock(ApplicationEvolutions.scala:229)
	at play.api.db.evolutions.ApplicationEvolutions$.runEvolutions(ApplicationEvolutions.scala:199)
	at play.api.db.evolutions.EvolutionsWebCommands.$anonfun$handleWebCommand$4(ApplicationEvolutions.scala:516)
	at play.api.db.evolutions.EvolutionsWebCommands.$anonfun$handleWebCommand$4$adapted(ApplicationEvolutions.scala:511)
	at scala.collection.immutable.List.foreach(List.scala:305)
	at play.api.db.evolutions.EvolutionsWebCommands.handleWebCommand(ApplicationEvolutions.scala:511)
	at play.core.DefaultWebCommands.$anonfun$handleWebCommand$1(WebCommands.scala:42)
	at scala.collection.immutable.Stream.flatMap(Stream.scala:202)
	at play.core.DefaultWebCommands.handleWebCommand(WebCommands.scala:42)
	at play.api.http.DefaultHttpRequestHandler.$anonfun$handlerForRequest$4(HttpRequestHandler.scala:200)
	at scala.Option.flatMap(Option.scala:283)
	at play.api.http.DefaultHttpRequestHandler.handlerForRequest(HttpRequestHandler.scala:199)
	at play.core.server.Server$.getHandlerFor(Server.scala:126)
	at play.core.server.AkkaHttpServer.handleRequest(AkkaHttpServer.scala:315)
	at play.core.server.AkkaHttpServer.$anonfun$createServerBinding$1(AkkaHttpServer.scala:190)
	at akka.stream.impl.fusing.MapAsync$$anon$30.onPush(Ops.scala:1289)
	at akka.stream.impl.fusing.GraphInterpreter.processPush(GraphInterpreter.scala:541)
	at akka.stream.impl.fusing.GraphInterpreter.execute(GraphInterpreter.scala:423)
	at akka.stream.impl.fusing.GraphInterpreterShell.runBatch(ActorGraphInterpreter.scala:624)
	at akka.stream.impl.fusing.GraphInterpreterShell$AsyncInput.execute(ActorGraphInterpreter.scala:501)
	at akka.stream.impl.fusing.GraphInterpreterShell.processEvent(ActorGraphInterpreter.scala:599)
	at akka.stream.impl.fusing.ActorGraphInterpreter.akka$stream$impl$fusing$ActorGraphInterpreter$$processEvent(ActorGraphInterpreter.scala:768)
	at akka.stream.impl.fusing.ActorGraphInterpreter$$anonfun$receive$1.applyOrElse(ActorGraphInterpreter.scala:783)
	at akka.actor.Actor.aroundReceive(Actor.scala:534)
	at akka.actor.Actor.aroundReceive$(Actor.scala:532)
	at akka.stream.impl.fusing.ActorGraphInterpreter.aroundReceive(ActorGraphInterpreter.scala:690)
	at akka.actor.ActorCell.receiveMessage(ActorCell.scala:573)
	at akka.actor.ActorCell.invoke(ActorCell.scala:543)
	at akka.dispatch.Mailbox.processMailbox(Mailbox.scala:269)
	at akka.dispatch.Mailbox.run(Mailbox.scala:230)
	at akka.dispatch.Mailbox.exec(Mailbox.scala:242)
	at java.base/java.util.concurrent.ForkJoinTask.doExec(ForkJoinTask.java:290)
	at java.base/java.util.concurrent.ForkJoinPool$WorkQueue.topLevelExec(ForkJoinPool.java:1016)
	at java.base/java.util.concurrent.ForkJoinPool.scan(ForkJoinPool.java:1665)
	at java.base/java.util.concurrent.ForkJoinPool.runWorker(ForkJoinPool.java:1598)
	at java.base/java.util.concurrent.ForkJoinWorkerThread.run(ForkJoinWorkerThread.java:177)
2020-03-14 15:18:22,352 [ERROR] from play.api.http.DefaultHttpErrorHandler in play-dev-mode-akka.actor.default-dispatcher-45 - 

! @7f64peabb - Internal server error, for (GET) [/land/9] ->
 
play.api.db.evolutions.InvalidDatabaseRevision: Database 'default' needs evolution![An SQL script need to be run on your database.]
	at play.api.db.evolutions.EvolutionsWebCommands.$anonfun$handleWebCommand$5(ApplicationEvolutions.scala:523)
	at play.api.db.evolutions.EvolutionsWebCommands.$anonfun$handleWebCommand$5$adapted(ApplicationEvolutions.scala:516)
	at play.api.db.evolutions.ApplicationEvolutions$.$anonfun$runEvolutions$1(ApplicationEvolutions.scala:208)
	at play.api.db.evolutions.ApplicationEvolutions$.withLock(ApplicationEvolutions.scala:229)
	at play.api.db.evolutions.ApplicationEvolutions$.runEvolutions(ApplicationEvolutions.scala:199)
	at play.api.db.evolutions.EvolutionsWebCommands.$anonfun$handleWebCommand$4(ApplicationEvolutions.scala:516)
	at play.api.db.evolutions.EvolutionsWebCommands.$anonfun$handleWebCommand$4$adapted(ApplicationEvolutions.scala:511)
	at scala.collection.immutable.List.foreach(List.scala:305)
	at play.api.db.evolutions.EvolutionsWebCommands.handleWebCommand(ApplicationEvolutions.scala:511)
	at play.core.DefaultWebCommands.$anonfun$handleWebCommand$1(WebCommands.scala:42)
	at scala.collection.immutable.Stream.flatMap(Stream.scala:202)
	at play.core.DefaultWebCommands.handleWebCommand(WebCommands.scala:42)
	at play.api.http.DefaultHttpRequestHandler.$anonfun$handlerForRequest$4(HttpRequestHandler.scala:200)
	at scala.Option.flatMap(Option.scala:283)
	at play.api.http.DefaultHttpRequestHandler.handlerForRequest(HttpRequestHandler.scala:199)
	at play.core.server.Server$.getHandlerFor(Server.scala:126)
	at play.core.server.AkkaHttpServer.handleRequest(AkkaHttpServer.scala:315)
	at play.core.server.AkkaHttpServer.$anonfun$createServerBinding$1(AkkaHttpServer.scala:190)
	at akka.stream.impl.fusing.MapAsync$$anon$30.onPush(Ops.scala:1289)
	at akka.stream.impl.fusing.GraphInterpreter.processPush(GraphInterpreter.scala:541)
	at akka.stream.impl.fusing.GraphInterpreter.execute(GraphInterpreter.scala:423)
	at akka.stream.impl.fusing.GraphInterpreterShell.runBatch(ActorGraphInterpreter.scala:624)
	at akka.stream.impl.fusing.GraphInterpreterShell$AsyncInput.execute(ActorGraphInterpreter.scala:501)
	at akka.stream.impl.fusing.GraphInterpreterShell.processEvent(ActorGraphInterpreter.scala:599)
	at akka.stream.impl.fusing.ActorGraphInterpreter.akka$stream$impl$fusing$ActorGraphInterpreter$$processEvent(ActorGraphInterpreter.scala:768)
	at akka.stream.impl.fusing.ActorGraphInterpreter$$anonfun$receive$1.applyOrElse(ActorGraphInterpreter.scala:783)
	at akka.actor.Actor.aroundReceive(Actor.scala:534)
	at akka.actor.Actor.aroundReceive$(Actor.scala:532)
	at akka.stream.impl.fusing.ActorGraphInterpreter.aroundReceive(ActorGraphInterpreter.scala:690)
	at akka.actor.ActorCell.receiveMessage(ActorCell.scala:573)
	at akka.actor.ActorCell.invoke(ActorCell.scala:543)
	at akka.dispatch.Mailbox.processMailbox(Mailbox.scala:269)
	at akka.dispatch.Mailbox.run(Mailbox.scala:230)
	at akka.dispatch.Mailbox.exec(Mailbox.scala:242)
	at java.base/java.util.concurrent.ForkJoinTask.doExec(ForkJoinTask.java:290)
	at java.base/java.util.concurrent.ForkJoinPool$WorkQueue.topLevelExec(ForkJoinPool.java:1016)
	at java.base/java.util.concurrent.ForkJoinPool.scan(ForkJoinPool.java:1665)
	at java.base/java.util.concurrent.ForkJoinPool.runWorker(ForkJoinPool.java:1598)
	at java.base/java.util.concurrent.ForkJoinWorkerThread.run(ForkJoinWorkerThread.java:177)
2020-03-14 15:18:22,360 [ERROR] from play.api.http.DefaultHttpErrorHandler in play-dev-mode-akka.actor.default-dispatcher-49 - 

! @7f64peabi - Internal server error, for (GET) [/crop] ->
 
play.api.db.evolutions.InvalidDatabaseRevision: Database 'default' needs evolution![An SQL script need to be run on your database.]
	at play.api.db.evolutions.EvolutionsWebCommands.$anonfun$handleWebCommand$5(ApplicationEvolutions.scala:523)
	at play.api.db.evolutions.EvolutionsWebCommands.$anonfun$handleWebCommand$5$adapted(ApplicationEvolutions.scala:516)
	at play.api.db.evolutions.ApplicationEvolutions$.$anonfun$runEvolutions$1(ApplicationEvolutions.scala:208)
	at play.api.db.evolutions.ApplicationEvolutions$.withLock(ApplicationEvolutions.scala:229)
	at play.api.db.evolutions.ApplicationEvolutions$.runEvolutions(ApplicationEvolutions.scala:199)
	at play.api.db.evolutions.EvolutionsWebCommands.$anonfun$handleWebCommand$4(ApplicationEvolutions.scala:516)
	at play.api.db.evolutions.EvolutionsWebCommands.$anonfun$handleWebCommand$4$adapted(ApplicationEvolutions.scala:511)
	at scala.collection.immutable.List.foreach(List.scala:305)
	at play.api.db.evolutions.EvolutionsWebCommands.handleWebCommand(ApplicationEvolutions.scala:511)
	at play.core.DefaultWebCommands.$anonfun$handleWebCommand$1(WebCommands.scala:42)
	at scala.collection.immutable.Stream.flatMap(Stream.scala:202)
	at play.core.DefaultWebCommands.handleWebCommand(WebCommands.scala:42)
	at play.api.http.DefaultHttpRequestHandler.$anonfun$handlerForRequest$4(HttpRequestHandler.scala:200)
	at scala.Option.flatMap(Option.scala:283)
	at play.api.http.DefaultHttpRequestHandler.handlerForRequest(HttpRequestHandler.scala:199)
	at play.core.server.Server$.getHandlerFor(Server.scala:126)
	at play.core.server.AkkaHttpServer.handleRequest(AkkaHttpServer.scala:315)
	at play.core.server.AkkaHttpServer.$anonfun$createServerBinding$1(AkkaHttpServer.scala:190)
	at akka.stream.impl.fusing.MapAsync$$anon$30.onPush(Ops.scala:1289)
	at akka.stream.impl.fusing.GraphInterpreter.processPush(GraphInterpreter.scala:541)
	at akka.stream.impl.fusing.GraphInterpreter.execute(GraphInterpreter.scala:423)
	at akka.stream.impl.fusing.GraphInterpreterShell.runBatch(ActorGraphInterpreter.scala:624)
	at akka.stream.impl.fusing.GraphInterpreterShell$AsyncInput.execute(ActorGraphInterpreter.scala:501)
	at akka.stream.impl.fusing.GraphInterpreterShell.processEvent(ActorGraphInterpreter.scala:599)
	at akka.stream.impl.fusing.ActorGraphInterpreter.akka$stream$impl$fusing$ActorGraphInterpreter$$processEvent(ActorGraphInterpreter.scala:768)
	at akka.stream.impl.fusing.ActorGraphInterpreter$$anonfun$receive$1.applyOrElse(ActorGraphInterpreter.scala:783)
	at akka.actor.Actor.aroundReceive(Actor.scala:534)
	at akka.actor.Actor.aroundReceive$(Actor.scala:532)
	at akka.stream.impl.fusing.ActorGraphInterpreter.aroundReceive(ActorGraphInterpreter.scala:690)
	at akka.actor.ActorCell.receiveMessage(ActorCell.scala:573)
	at akka.actor.ActorCell.invoke(ActorCell.scala:543)
	at akka.dispatch.Mailbox.processMailbox(Mailbox.scala:269)
	at akka.dispatch.Mailbox.run(Mailbox.scala:230)
	at akka.dispatch.Mailbox.exec(Mailbox.scala:242)
	at java.base/java.util.concurrent.ForkJoinTask.doExec(ForkJoinTask.java:290)
	at java.base/java.util.concurrent.ForkJoinPool$WorkQueue.topLevelExec(ForkJoinPool.java:1016)
	at java.base/java.util.concurrent.ForkJoinPool.scan(ForkJoinPool.java:1665)
	at java.base/java.util.concurrent.ForkJoinPool.runWorker(ForkJoinPool.java:1598)
	at java.base/java.util.concurrent.ForkJoinWorkerThread.run(ForkJoinWorkerThread.java:177)
2020-03-14 15:18:30,777 [INFO] from play.api.db.HikariCPConnectionPool in application-akka.actor.internal-dispatcher-3 - Shutting down connection pool.
2020-03-14 15:18:30,956 [INFO] from play.api.db.DefaultDBApi in play-dev-mode-akka.actor.default-dispatcher-45 - Database [default] initialized at jdbc:mysql://localhost:3306/tm?useSSL=false
2020-03-14 15:18:30,956 [INFO] from play.api.db.HikariCPConnectionPool in play-dev-mode-akka.actor.default-dispatcher-45 - Creating Pool for datasource 'default'
2020-03-14 15:18:31,036 [INFO] from play.api.http.EnabledFilters in play-dev-mode-akka.actor.default-dispatcher-45 - Enabled Filters (see <https://www.playframework.com/documentation/latest/Filters>):

    play.filters.csrf.CSRFFilter
    play.filters.headers.SecurityHeadersFilter
    play.filters.hosts.AllowedHostsFilter
    play.filters.cors.CORSFilter

2020-03-14 15:18:31,037 [INFO] from play.api.Play in play-dev-mode-akka.actor.default-dispatcher-45 - Application started (Dev) (no global state)
2020-03-14 15:18:31,043 [ERROR] from play.api.http.DefaultHttpErrorHandler in play-dev-mode-akka.actor.default-dispatcher-45 - 

! @7f64pen7h - Internal server error, for (GET) [/] ->
 
play.api.db.evolutions.InvalidDatabaseRevision: Database 'default' needs evolution![An SQL script need to be run on your database.]
	at play.api.db.evolutions.EvolutionsWebCommands.$anonfun$handleWebCommand$5(ApplicationEvolutions.scala:523)
	at play.api.db.evolutions.EvolutionsWebCommands.$anonfun$handleWebCommand$5$adapted(ApplicationEvolutions.scala:516)
	at play.api.db.evolutions.ApplicationEvolutions$.$anonfun$runEvolutions$1(ApplicationEvolutions.scala:208)
	at play.api.db.evolutions.ApplicationEvolutions$.withLock(ApplicationEvolutions.scala:229)
	at play.api.db.evolutions.ApplicationEvolutions$.runEvolutions(ApplicationEvolutions.scala:199)
	at play.api.db.evolutions.EvolutionsWebCommands.$anonfun$handleWebCommand$4(ApplicationEvolutions.scala:516)
	at play.api.db.evolutions.EvolutionsWebCommands.$anonfun$handleWebCommand$4$adapted(ApplicationEvolutions.scala:511)
	at scala.collection.immutable.List.foreach(List.scala:305)
	at play.api.db.evolutions.EvolutionsWebCommands.handleWebCommand(ApplicationEvolutions.scala:511)
	at play.core.DefaultWebCommands.$anonfun$handleWebCommand$1(WebCommands.scala:42)
	at scala.collection.immutable.Stream.flatMap(Stream.scala:202)
	at play.core.DefaultWebCommands.handleWebCommand(WebCommands.scala:42)
	at play.api.http.DefaultHttpRequestHandler.$anonfun$handlerForRequest$4(HttpRequestHandler.scala:200)
	at scala.Option.flatMap(Option.scala:283)
	at play.api.http.DefaultHttpRequestHandler.handlerForRequest(HttpRequestHandler.scala:199)
	at play.core.server.Server$.getHandlerFor(Server.scala:126)
	at play.core.server.AkkaHttpServer.handleRequest(AkkaHttpServer.scala:315)
	at play.core.server.AkkaHttpServer.$anonfun$createServerBinding$1(AkkaHttpServer.scala:190)
	at akka.stream.impl.fusing.MapAsync$$anon$30.onPush(Ops.scala:1289)
	at akka.stream.impl.fusing.GraphInterpreter.processPush(GraphInterpreter.scala:541)
	at akka.stream.impl.fusing.GraphInterpreter.execute(GraphInterpreter.scala:423)
	at akka.stream.impl.fusing.GraphInterpreterShell.runBatch(ActorGraphInterpreter.scala:624)
	at akka.stream.impl.fusing.GraphInterpreterShell$AsyncInput.execute(ActorGraphInterpreter.scala:501)
	at akka.stream.impl.fusing.GraphInterpreterShell.processEvent(ActorGraphInterpreter.scala:599)
	at akka.stream.impl.fusing.ActorGraphInterpreter.akka$stream$impl$fusing$ActorGraphInterpreter$$processEvent(ActorGraphInterpreter.scala:768)
	at akka.stream.impl.fusing.ActorGraphInterpreter$$anonfun$receive$1.applyOrElse(ActorGraphInterpreter.scala:783)
	at akka.actor.Actor.aroundReceive(Actor.scala:534)
	at akka.actor.Actor.aroundReceive$(Actor.scala:532)
	at akka.stream.impl.fusing.ActorGraphInterpreter.aroundReceive(ActorGraphInterpreter.scala:690)
	at akka.actor.ActorCell.receiveMessage(ActorCell.scala:573)
	at akka.actor.ActorCell.invoke(ActorCell.scala:543)
	at akka.dispatch.Mailbox.processMailbox(Mailbox.scala:269)
	at akka.dispatch.Mailbox.run(Mailbox.scala:230)
	at akka.dispatch.Mailbox.exec(Mailbox.scala:242)
	at java.base/java.util.concurrent.ForkJoinTask.doExec(ForkJoinTask.java:290)
	at java.base/java.util.concurrent.ForkJoinPool$WorkQueue.topLevelExec(ForkJoinPool.java:1016)
	at java.base/java.util.concurrent.ForkJoinPool.scan(ForkJoinPool.java:1665)
	at java.base/java.util.concurrent.ForkJoinPool.runWorker(ForkJoinPool.java:1598)
	at java.base/java.util.concurrent.ForkJoinWorkerThread.run(ForkJoinWorkerThread.java:177)
2020-03-14 15:18:32,321 [ERROR] from play.api.db.evolutions.DefaultEvolutionsApi in play-dev-mode-akka.actor.default-dispatcher-56 - Can't DROP 'fk_computer_company_id'; check that column/key exists [ERROR:1091, SQLSTATE:42000]
2020-03-14 15:18:32,322 [ERROR] from play.api.http.DefaultHttpErrorHandler in play-dev-mode-akka.actor.default-dispatcher-56 - 

! @7f64pep4m - Internal server error, for (GET) [/@evolutions/apply/default?redirect=http%3A%2F%2Flocalhost%3A9000%2F] ->
 
play.api.db.evolutions.InconsistentDatabase: Database 'default' is in an inconsistent state![An evolution has not been applied properly. Please check the problem and resolve it manually before marking it as resolved.]
	at play.api.db.evolutions.DatabaseEvolutions.$anonfun$checkEvolutionsState$3(EvolutionsApi.scala:305)
	at play.api.db.evolutions.DatabaseEvolutions.$anonfun$checkEvolutionsState$3$adapted(EvolutionsApi.scala:290)
	at play.api.db.evolutions.DatabaseEvolutions.executeQuery(EvolutionsApi.scala:337)
	at play.api.db.evolutions.DatabaseEvolutions.checkEvolutionsState(EvolutionsApi.scala:290)
	at play.api.db.evolutions.DatabaseEvolutions.evolve(EvolutionsApi.scala:259)
	at play.api.db.evolutions.DefaultEvolutionsApi.evolve(EvolutionsApi.scala:103)
	at play.api.db.evolutions.EvolutionsWebCommands.handleWebCommand(ApplicationEvolutions.scala:490)
	at play.core.DefaultWebCommands.$anonfun$handleWebCommand$1(WebCommands.scala:42)
	at scala.collection.immutable.Stream.flatMap(Stream.scala:202)
	at play.core.DefaultWebCommands.handleWebCommand(WebCommands.scala:42)
	at play.api.http.DefaultHttpRequestHandler.$anonfun$handlerForRequest$4(HttpRequestHandler.scala:200)
	at scala.Option.flatMap(Option.scala:283)
	at play.api.http.DefaultHttpRequestHandler.handlerForRequest(HttpRequestHandler.scala:199)
	at play.core.server.Server$.getHandlerFor(Server.scala:126)
	at play.core.server.AkkaHttpServer.handleRequest(AkkaHttpServer.scala:315)
	at play.core.server.AkkaHttpServer.$anonfun$createServerBinding$1(AkkaHttpServer.scala:190)
	at akka.stream.impl.fusing.MapAsync$$anon$30.onPush(Ops.scala:1289)
	at akka.stream.impl.fusing.GraphInterpreter.processPush(GraphInterpreter.scala:541)
	at akka.stream.impl.fusing.GraphInterpreter.execute(GraphInterpreter.scala:423)
	at akka.stream.impl.fusing.GraphInterpreterShell.runBatch(ActorGraphInterpreter.scala:624)
	at akka.stream.impl.fusing.GraphInterpreterShell$AsyncInput.execute(ActorGraphInterpreter.scala:501)
	at akka.stream.impl.fusing.GraphInterpreterShell.processEvent(ActorGraphInterpreter.scala:599)
	at akka.stream.impl.fusing.ActorGraphInterpreter.akka$stream$impl$fusing$ActorGraphInterpreter$$processEvent(ActorGraphInterpreter.scala:768)
	at akka.stream.impl.fusing.ActorGraphInterpreter$$anonfun$receive$1.applyOrElse(ActorGraphInterpreter.scala:783)
	at akka.actor.Actor.aroundReceive(Actor.scala:534)
	at akka.actor.Actor.aroundReceive$(Actor.scala:532)
	at akka.stream.impl.fusing.ActorGraphInterpreter.aroundReceive(ActorGraphInterpreter.scala:690)
	at akka.actor.ActorCell.receiveMessage(ActorCell.scala:573)
	at akka.actor.ActorCell.invoke(ActorCell.scala:543)
	at akka.dispatch.Mailbox.processMailbox(Mailbox.scala:269)
	at akka.dispatch.Mailbox.run(Mailbox.scala:230)
	at akka.dispatch.Mailbox.exec(Mailbox.scala:242)
	at java.base/java.util.concurrent.ForkJoinTask.doExec(ForkJoinTask.java:290)
	at java.base/java.util.concurrent.ForkJoinPool$WorkQueue.topLevelExec(ForkJoinPool.java:1016)
	at java.base/java.util.concurrent.ForkJoinPool.scan(ForkJoinPool.java:1665)
	at java.base/java.util.concurrent.ForkJoinPool.runWorker(ForkJoinPool.java:1598)
	at java.base/java.util.concurrent.ForkJoinWorkerThread.run(ForkJoinWorkerThread.java:177)
2020-03-14 15:18:33,672 [INFO] from play.api.db.HikariCPConnectionPool in application-akka.actor.internal-dispatcher-3 - Shutting down connection pool.
2020-03-14 15:18:33,861 [INFO] from play.api.db.DefaultDBApi in play-dev-mode-akka.actor.default-dispatcher-57 - Database [default] initialized at jdbc:mysql://localhost:3306/tm?useSSL=false
2020-03-14 15:18:33,861 [INFO] from play.api.db.HikariCPConnectionPool in play-dev-mode-akka.actor.default-dispatcher-57 - Creating Pool for datasource 'default'
2020-03-14 15:18:33,939 [INFO] from play.api.http.EnabledFilters in play-dev-mode-akka.actor.default-dispatcher-57 - Enabled Filters (see <https://www.playframework.com/documentation/latest/Filters>):

    play.filters.csrf.CSRFFilter
    play.filters.headers.SecurityHeadersFilter
    play.filters.hosts.AllowedHostsFilter
    play.filters.cors.CORSFilter

2020-03-14 15:18:33,940 [INFO] from play.api.Play in play-dev-mode-akka.actor.default-dispatcher-57 - Application started (Dev) (no global state)
2020-03-14 15:18:33,950 [ERROR] from play.api.db.evolutions.DefaultEvolutionsApi in play-dev-mode-akka.actor.default-dispatcher-57 - Table 'company' already exists [ERROR:1050, SQLSTATE:42S01]
2020-03-14 15:18:33,950 [ERROR] from play.api.http.DefaultHttpErrorHandler in play-dev-mode-akka.actor.default-dispatcher-57 - 

! @7f64pf1fd - Internal server error, for (GET) [/@evolutions/apply/default?redirect=http%3A%2F%2Flocalhost%3A9000%2F] ->
 
play.api.db.evolutions.InconsistentDatabase: Database 'default' is in an inconsistent state![An evolution has not been applied properly. Please check the problem and resolve it manually before marking it as resolved.]
	at play.api.db.evolutions.DatabaseEvolutions.$anonfun$checkEvolutionsState$3(EvolutionsApi.scala:305)
	at play.api.db.evolutions.DatabaseEvolutions.$anonfun$checkEvolutionsState$3$adapted(EvolutionsApi.scala:290)
	at play.api.db.evolutions.DatabaseEvolutions.executeQuery(EvolutionsApi.scala:337)
	at play.api.db.evolutions.DatabaseEvolutions.checkEvolutionsState(EvolutionsApi.scala:290)
	at play.api.db.evolutions.DatabaseEvolutions.evolve(EvolutionsApi.scala:259)
	at play.api.db.evolutions.DefaultEvolutionsApi.evolve(EvolutionsApi.scala:103)
	at play.api.db.evolutions.EvolutionsWebCommands.handleWebCommand(ApplicationEvolutions.scala:490)
	at play.core.DefaultWebCommands.$anonfun$handleWebCommand$1(WebCommands.scala:42)
	at scala.collection.immutable.Stream.flatMap(Stream.scala:202)
	at play.core.DefaultWebCommands.handleWebCommand(WebCommands.scala:42)
	at play.api.http.DefaultHttpRequestHandler.$anonfun$handlerForRequest$4(HttpRequestHandler.scala:200)
	at scala.Option.flatMap(Option.scala:283)
	at play.api.http.DefaultHttpRequestHandler.handlerForRequest(HttpRequestHandler.scala:199)
	at play.core.server.Server$.getHandlerFor(Server.scala:126)
	at play.core.server.AkkaHttpServer.handleRequest(AkkaHttpServer.scala:315)
	at play.core.server.AkkaHttpServer.$anonfun$createServerBinding$1(AkkaHttpServer.scala:190)
	at akka.stream.impl.fusing.MapAsync$$anon$30.onPush(Ops.scala:1289)
	at akka.stream.impl.fusing.GraphInterpreter.processPush(GraphInterpreter.scala:541)
	at akka.stream.impl.fusing.GraphInterpreter.execute(GraphInterpreter.scala:423)
	at akka.stream.impl.fusing.GraphInterpreterShell.runBatch(ActorGraphInterpreter.scala:624)
	at akka.stream.impl.fusing.GraphInterpreterShell$AsyncInput.execute(ActorGraphInterpreter.scala:501)
	at akka.stream.impl.fusing.GraphInterpreterShell.processEvent(ActorGraphInterpreter.scala:599)
	at akka.stream.impl.fusing.ActorGraphInterpreter.akka$stream$impl$fusing$ActorGraphInterpreter$$processEvent(ActorGraphInterpreter.scala:768)
	at akka.stream.impl.fusing.ActorGraphInterpreter$$anonfun$receive$1.applyOrElse(ActorGraphInterpreter.scala:783)
	at akka.actor.Actor.aroundReceive(Actor.scala:534)
	at akka.actor.Actor.aroundReceive$(Actor.scala:532)
	at akka.stream.impl.fusing.ActorGraphInterpreter.aroundReceive(ActorGraphInterpreter.scala:690)
	at akka.actor.ActorCell.receiveMessage(ActorCell.scala:573)
	at akka.actor.ActorCell.invoke(ActorCell.scala:543)
	at akka.dispatch.Mailbox.processMailbox(Mailbox.scala:269)
	at akka.dispatch.Mailbox.run(Mailbox.scala:230)
	at akka.dispatch.Mailbox.exec(Mailbox.scala:242)
	at java.base/java.util.concurrent.ForkJoinTask.doExec(ForkJoinTask.java:290)
	at java.base/java.util.concurrent.ForkJoinPool$WorkQueue.topLevelExec(ForkJoinPool.java:1016)
	at java.base/java.util.concurrent.ForkJoinPool.scan(ForkJoinPool.java:1665)
	at java.base/java.util.concurrent.ForkJoinPool.runWorker(ForkJoinPool.java:1598)
	at java.base/java.util.concurrent.ForkJoinWorkerThread.run(ForkJoinWorkerThread.java:177)
2020-03-14 15:18:34,921 [INFO] from play.api.db.HikariCPConnectionPool in application-akka.actor.internal-dispatcher-5 - Shutting down connection pool.
2020-03-14 15:18:35,126 [INFO] from play.api.db.DefaultDBApi in play-dev-mode-akka.actor.default-dispatcher-35 - Database [default] initialized at jdbc:mysql://localhost:3306/tm?useSSL=false
2020-03-14 15:18:35,126 [INFO] from play.api.db.HikariCPConnectionPool in play-dev-mode-akka.actor.default-dispatcher-35 - Creating Pool for datasource 'default'
2020-03-14 15:18:35,210 [INFO] from play.api.http.EnabledFilters in play-dev-mode-akka.actor.default-dispatcher-35 - Enabled Filters (see <https://www.playframework.com/documentation/latest/Filters>):

    play.filters.csrf.CSRFFilter
    play.filters.headers.SecurityHeadersFilter
    play.filters.hosts.AllowedHostsFilter
    play.filters.cors.CORSFilter

2020-03-14 15:18:35,211 [INFO] from play.api.Play in play-dev-mode-akka.actor.default-dispatcher-35 - Application started (Dev) (no global state)
2020-03-14 15:18:35,589 [INFO] from play.api.db.HikariCPConnectionPool in application-akka.actor.internal-dispatcher-6 - Shutting down connection pool.
2020-03-14 15:18:35,774 [INFO] from play.api.db.DefaultDBApi in play-dev-mode-akka.actor.default-dispatcher-35 - Database [default] initialized at jdbc:mysql://localhost:3306/tm?useSSL=false
2020-03-14 15:18:35,774 [INFO] from play.api.db.HikariCPConnectionPool in play-dev-mode-akka.actor.default-dispatcher-35 - Creating Pool for datasource 'default'
2020-03-14 15:18:35,851 [INFO] from play.api.http.EnabledFilters in play-dev-mode-akka.actor.default-dispatcher-35 - Enabled Filters (see <https://www.playframework.com/documentation/latest/Filters>):

    play.filters.csrf.CSRFFilter
    play.filters.headers.SecurityHeadersFilter
    play.filters.hosts.AllowedHostsFilter
    play.filters.cors.CORSFilter

2020-03-14 15:18:35,852 [INFO] from play.api.Play in play-dev-mode-akka.actor.default-dispatcher-35 - Application started (Dev) (no global state)
2020-03-14 16:04:47,791 [ERROR] from play.api.http.DefaultHttpErrorHandler in application-database.dispatcher-271 - 

! @7f655gmni - Internal server error, for (PUT) [/userCrop] ->
 
play.api.http.HttpErrorHandlerExceptions$$anon$1: Execution exception[[CompletionException: javax.persistence.PersistenceException: Error[Column 'name' cannot be null]]]
	at play.api.http.HttpErrorHandlerExceptions$.throwableToUsefulException(HttpErrorHandler.scala:335)
	at play.api.http.DefaultHttpErrorHandler.onServerError(HttpErrorHandler.scala:253)
	at play.filters.cors.AbstractCORSPolicy$$anonfun$1.applyOrElse(AbstractCORSPolicy.scala:128)
	at play.filters.cors.AbstractCORSPolicy$$anonfun$1.applyOrElse(AbstractCORSPolicy.scala:126)
	at scala.concurrent.impl.Promise$Transformation.run(Promise.scala:453)
	at play.api.libs.streams.Execution$trampoline$.executeScheduled(Execution.scala:109)
	at play.api.libs.streams.Execution$trampoline$.execute(Execution.scala:71)
	at scala.concurrent.impl.Promise$Transformation.submitWithValue(Promise.scala:392)
	at scala.concurrent.impl.Promise$DefaultPromise.submitWithValue(Promise.scala:302)
	at scala.concurrent.impl.Promise$DefaultPromise.tryComplete0(Promise.scala:249)
	at scala.concurrent.impl.Promise$DefaultPromise.tryComplete(Promise.scala:242)
	at scala.concurrent.Promise.complete(Promise.scala:57)
	at scala.concurrent.Promise.complete$(Promise.scala:56)
	at scala.concurrent.impl.Promise$DefaultPromise.complete(Promise.scala:104)
	at scala.concurrent.java8.FuturesConvertersImpl$P.accept(FutureConvertersImpl.scala:99)
	at scala.concurrent.java8.FuturesConvertersImpl$P.accept(FutureConvertersImpl.scala:96)
	at java.base/java.util.concurrent.CompletableFuture.uniWhenComplete(CompletableFuture.java:859)
	at java.base/java.util.concurrent.CompletableFuture$UniWhenComplete.tryFire(CompletableFuture.java:837)
	at java.base/java.util.concurrent.CompletableFuture.postComplete(CompletableFuture.java:506)
	at java.base/java.util.concurrent.CompletableFuture$AsyncSupply.run(CompletableFuture.java:1776)
	at akka.dispatch.TaskInvocation.run(AbstractDispatcher.scala:47)
	at java.base/java.util.concurrent.ThreadPoolExecutor.runWorker(ThreadPoolExecutor.java:1128)
	at java.base/java.util.concurrent.ThreadPoolExecutor$Worker.run(ThreadPoolExecutor.java:628)
	at java.base/java.lang.Thread.run(Thread.java:830)
Caused by: java.util.concurrent.CompletionException: javax.persistence.PersistenceException: Error[Column 'name' cannot be null]
	at java.base/java.util.concurrent.CompletableFuture.encodeThrowable(CompletableFuture.java:314)
	at java.base/java.util.concurrent.CompletableFuture.completeThrowable(CompletableFuture.java:319)
	at java.base/java.util.concurrent.CompletableFuture$AsyncSupply.run(CompletableFuture.java:1773)
	... 4 common frames omitted
Caused by: javax.persistence.PersistenceException: Error[Column 'name' cannot be null]
	at io.ebean.config.dbplatform.SqlCodeTranslator.translate(SqlCodeTranslator.java:55)
	at io.ebean.config.dbplatform.DatabasePlatform.translate(DatabasePlatform.java:227)
	at io.ebeaninternal.server.persist.dml.DmlBeanPersister.execute(DmlBeanPersister.java:83)
	at io.ebeaninternal.server.persist.dml.DmlBeanPersister.update(DmlBeanPersister.java:57)
	at io.ebeaninternal.server.core.PersistRequestBean.executeUpdate(PersistRequestBean.java:1303)
	at io.ebeaninternal.server.core.PersistRequestBean.executeNow(PersistRequestBean.java:805)
	at io.ebeaninternal.server.core.PersistRequestBean.executeNoBatch(PersistRequestBean.java:852)
	at io.ebeaninternal.server.core.PersistRequestBean.executeOrQueue(PersistRequestBean.java:843)
	at io.ebeaninternal.server.persist.DefaultPersister.update(DefaultPersister.java:555)
	at io.ebeaninternal.server.persist.DefaultPersister.update(DefaultPersister.java:431)
	at io.ebeaninternal.server.persist.DefaultPersister.update(DefaultPersister.java:410)
	at io.ebeaninternal.server.core.DefaultServer.update(DefaultServer.java:1752)
	at io.ebeaninternal.server.core.DefaultServer.update(DefaultServer.java:1744)
	at io.ebean.Model.update(Model.java:212)
	at repository.UserCropRepository.lambda$updateNames$2(UserCropRepository.java:53)
	at java.base/java.util.concurrent.CompletableFuture$AsyncSupply.run(CompletableFuture.java:1771)
	... 4 common frames omitted
Caused by: com.mysql.jdbc.exceptions.jdbc4.MySQLIntegrityConstraintViolationException: Column 'name' cannot be null
	at java.base/jdk.internal.reflect.NativeConstructorAccessorImpl.newInstance0(Native Method)
	at java.base/jdk.internal.reflect.NativeConstructorAccessorImpl.newInstance(NativeConstructorAccessorImpl.java:62)
	at java.base/jdk.internal.reflect.DelegatingConstructorAccessorImpl.newInstance(DelegatingConstructorAccessorImpl.java:45)
	at java.base/java.lang.reflect.Constructor.newInstanceWithCaller(Constructor.java:500)
	at java.base/java.lang.reflect.Constructor.newInstance(Constructor.java:481)
	at com.mysql.jdbc.Util.handleNewInstance(Util.java:425)
	at com.mysql.jdbc.Util.getInstance(Util.java:408)
	at com.mysql.jdbc.SQLError.createSQLException(SQLError.java:935)
	at com.mysql.jdbc.MysqlIO.checkErrorPacket(MysqlIO.java:3973)
	at com.mysql.jdbc.MysqlIO.checkErrorPacket(MysqlIO.java:3909)
	at com.mysql.jdbc.MysqlIO.sendCommand(MysqlIO.java:2527)
	at com.mysql.jdbc.MysqlIO.sqlQueryDirect(MysqlIO.java:2680)
	at com.mysql.jdbc.ConnectionImpl.execSQL(ConnectionImpl.java:2487)
	at com.mysql.jdbc.PreparedStatement.executeInternal(PreparedStatement.java:1858)
	at com.mysql.jdbc.PreparedStatement.executeUpdateInternal(PreparedStatement.java:2079)
	at com.mysql.jdbc.PreparedStatement.executeUpdateInternal(PreparedStatement.java:2013)
	at com.mysql.jdbc.PreparedStatement.executeLargeUpdate(PreparedStatement.java:5104)
	at com.mysql.jdbc.PreparedStatement.executeUpdate(PreparedStatement.java:1998)
	at com.zaxxer.hikari.pool.ProxyPreparedStatement.executeUpdate(ProxyPreparedStatement.java:61)
	at com.zaxxer.hikari.pool.HikariProxyPreparedStatement.executeUpdate(HikariProxyPreparedStatement.java)
	at io.ebeaninternal.server.type.DataBind.executeUpdate(DataBind.java:92)
	at io.ebeaninternal.server.persist.dml.UpdateHandler.execute(UpdateHandler.java:74)
	at io.ebeaninternal.server.persist.dml.DmlBeanPersister.execute(DmlBeanPersister.java:73)
	... 17 common frames omitted
2020-03-14 16:22:37,670 [WARN] from com.zaxxer.hikari.pool.HikariPool in HikariPool-9 housekeeper - HikariPool-9 - Thread starvation or clock leap detected (housekeeper delta=6m31s327ms).
2020-03-14 17:01:16,183 [WARN] from com.zaxxer.hikari.pool.HikariPool in HikariPool-9 housekeeper - HikariPool-9 - Thread starvation or clock leap detected (housekeeper delta=31m8s449ms).
2020-03-14 17:42:48,106 [WARN] from com.zaxxer.hikari.pool.HikariPool in HikariPool-9 housekeeper - HikariPool-9 - Thread starvation or clock leap detected (housekeeper delta=41m1s909ms).
2020-03-14 17:51:34,418 [WARN] from com.zaxxer.hikari.pool.HikariPool in HikariPool-9 housekeeper - HikariPool-9 - Thread starvation or clock leap detected (housekeeper delta=8m16s311ms).
2020-03-14 17:52:21,090 [WARN] from com.zaxxer.hikari.pool.HikariPool in HikariPool-9 housekeeper - HikariPool-9 - Thread starvation or clock leap detected (housekeeper delta=46s672ms).
2020-03-14 18:48:14,282 [WARN] from com.zaxxer.hikari.pool.HikariPool in HikariPool-9 housekeeper - HikariPool-9 - Thread starvation or clock leap detected (housekeeper delta=55m53s192ms).
2020-03-14 18:49:37,741 [WARN] from com.zaxxer.hikari.pool.HikariPool in HikariPool-9 housekeeper - HikariPool-9 - Thread starvation or clock leap detected (housekeeper delta=50s708ms).
2020-03-14 19:15:50,357 [ERROR] from play.api.http.DefaultHttpErrorHandler in application-database.dispatcher-438 - 

! @7f664j19f - Internal server error, for (POST) [/userCrop] ->
 
play.api.http.HttpErrorHandlerExceptions$$anon$1: Execution exception[[CompletionException: javax.persistence.PersistenceException: Error[Column 'name' cannot be null]]]
	at play.api.http.HttpErrorHandlerExceptions$.throwableToUsefulException(HttpErrorHandler.scala:335)
	at play.api.http.DefaultHttpErrorHandler.onServerError(HttpErrorHandler.scala:253)
	at play.filters.cors.AbstractCORSPolicy$$anonfun$1.applyOrElse(AbstractCORSPolicy.scala:128)
	at play.filters.cors.AbstractCORSPolicy$$anonfun$1.applyOrElse(AbstractCORSPolicy.scala:126)
	at scala.concurrent.impl.Promise$Transformation.run(Promise.scala:453)
	at play.api.libs.streams.Execution$trampoline$.executeScheduled(Execution.scala:109)
	at play.api.libs.streams.Execution$trampoline$.execute(Execution.scala:71)
	at scala.concurrent.impl.Promise$Transformation.submitWithValue(Promise.scala:392)
	at scala.concurrent.impl.Promise$DefaultPromise.submitWithValue(Promise.scala:302)
	at scala.concurrent.impl.Promise$DefaultPromise.tryComplete0(Promise.scala:249)
	at scala.concurrent.impl.Promise$DefaultPromise.tryComplete(Promise.scala:242)
	at scala.concurrent.Promise.complete(Promise.scala:57)
	at scala.concurrent.Promise.complete$(Promise.scala:56)
	at scala.concurrent.impl.Promise$DefaultPromise.complete(Promise.scala:104)
	at scala.concurrent.java8.FuturesConvertersImpl$P.accept(FutureConvertersImpl.scala:99)
	at scala.concurrent.java8.FuturesConvertersImpl$P.accept(FutureConvertersImpl.scala:96)
	at java.base/java.util.concurrent.CompletableFuture.uniWhenComplete(CompletableFuture.java:859)
	at java.base/java.util.concurrent.CompletableFuture$UniWhenComplete.tryFire(CompletableFuture.java:837)
	at java.base/java.util.concurrent.CompletableFuture.postComplete(CompletableFuture.java:506)
	at java.base/java.util.concurrent.CompletableFuture$AsyncSupply.run(CompletableFuture.java:1776)
	at akka.dispatch.TaskInvocation.run(AbstractDispatcher.scala:47)
	at java.base/java.util.concurrent.ThreadPoolExecutor.runWorker(ThreadPoolExecutor.java:1128)
	at java.base/java.util.concurrent.ThreadPoolExecutor$Worker.run(ThreadPoolExecutor.java:628)
	at java.base/java.lang.Thread.run(Thread.java:830)
Caused by: java.util.concurrent.CompletionException: javax.persistence.PersistenceException: Error[Column 'name' cannot be null]
	at java.base/java.util.concurrent.CompletableFuture.encodeThrowable(CompletableFuture.java:314)
	at java.base/java.util.concurrent.CompletableFuture.completeThrowable(CompletableFuture.java:319)
	at java.base/java.util.concurrent.CompletableFuture$AsyncSupply.run(CompletableFuture.java:1773)
	... 4 common frames omitted
Caused by: javax.persistence.PersistenceException: Error[Column 'name' cannot be null]
	at io.ebean.config.dbplatform.SqlCodeTranslator.translate(SqlCodeTranslator.java:55)
	at io.ebean.config.dbplatform.DatabasePlatform.translate(DatabasePlatform.java:227)
	at io.ebeaninternal.server.persist.dml.DmlBeanPersister.execute(DmlBeanPersister.java:83)
	at io.ebeaninternal.server.persist.dml.DmlBeanPersister.insert(DmlBeanPersister.java:49)
	at io.ebeaninternal.server.core.PersistRequestBean.executeInsert(PersistRequestBean.java:1295)
	at io.ebeaninternal.server.core.PersistRequestBean.executeNow(PersistRequestBean.java:797)
	at io.ebeaninternal.server.core.PersistRequestBean.executeNoBatch(PersistRequestBean.java:852)
	at io.ebeaninternal.server.core.PersistRequestBean.executeOrQueue(PersistRequestBean.java:843)
	at io.ebeaninternal.server.persist.DefaultPersister.insert(DefaultPersister.java:525)
	at io.ebeaninternal.server.persist.DefaultPersister.insert(DefaultPersister.java:471)
	at io.ebeaninternal.server.core.DefaultServer.insert(DefaultServer.java:1798)
	at io.ebeaninternal.server.core.DefaultServer.insert(DefaultServer.java:1790)
	at repository.UserCropRepository.lambda$insert$5(UserCropRepository.java:74)
	at java.base/java.util.concurrent.CompletableFuture$AsyncSupply.run(CompletableFuture.java:1771)
	... 4 common frames omitted
Caused by: com.mysql.jdbc.exceptions.jdbc4.MySQLIntegrityConstraintViolationException: Column 'name' cannot be null
	at java.base/jdk.internal.reflect.NativeConstructorAccessorImpl.newInstance0(Native Method)
	at java.base/jdk.internal.reflect.NativeConstructorAccessorImpl.newInstance(NativeConstructorAccessorImpl.java:62)
	at java.base/jdk.internal.reflect.DelegatingConstructorAccessorImpl.newInstance(DelegatingConstructorAccessorImpl.java:45)
	at java.base/java.lang.reflect.Constructor.newInstanceWithCaller(Constructor.java:500)
	at java.base/java.lang.reflect.Constructor.newInstance(Constructor.java:481)
	at com.mysql.jdbc.Util.handleNewInstance(Util.java:425)
	at com.mysql.jdbc.Util.getInstance(Util.java:408)
	at com.mysql.jdbc.SQLError.createSQLException(SQLError.java:935)
	at com.mysql.jdbc.MysqlIO.checkErrorPacket(MysqlIO.java:3973)
	at com.mysql.jdbc.MysqlIO.checkErrorPacket(MysqlIO.java:3909)
	at com.mysql.jdbc.MysqlIO.sendCommand(MysqlIO.java:2527)
	at com.mysql.jdbc.MysqlIO.sqlQueryDirect(MysqlIO.java:2680)
	at com.mysql.jdbc.ConnectionImpl.execSQL(ConnectionImpl.java:2487)
	at com.mysql.jdbc.PreparedStatement.executeInternal(PreparedStatement.java:1858)
	at com.mysql.jdbc.PreparedStatement.executeUpdateInternal(PreparedStatement.java:2079)
	at com.mysql.jdbc.PreparedStatement.executeUpdateInternal(PreparedStatement.java:2013)
	at com.mysql.jdbc.PreparedStatement.executeLargeUpdate(PreparedStatement.java:5104)
	at com.mysql.jdbc.PreparedStatement.executeUpdate(PreparedStatement.java:1998)
	at com.zaxxer.hikari.pool.ProxyPreparedStatement.executeUpdate(ProxyPreparedStatement.java:61)
	at com.zaxxer.hikari.pool.HikariProxyPreparedStatement.executeUpdate(HikariProxyPreparedStatement.java)
	at io.ebeaninternal.server.type.DataBind.executeUpdate(DataBind.java:92)
	at io.ebeaninternal.server.persist.dml.InsertHandler.execute(InsertHandler.java:125)
	at io.ebeaninternal.server.persist.dml.DmlBeanPersister.execute(DmlBeanPersister.java:73)
	... 15 common frames omitted
2020-03-14 19:36:58,724 [WARN] from com.zaxxer.hikari.pool.HikariPool in HikariPool-9 housekeeper - HikariPool-9 - Thread starvation or clock leap detected (housekeeper delta=15m50s813ms).
2020-03-14 21:21:38,073 [WARN] from com.zaxxer.hikari.pool.HikariPool in HikariPool-9 housekeeper - HikariPool-9 - Thread starvation or clock leap detected (housekeeper delta=1h44m39s350ms).
2020-03-14 21:36:47,279 [WARN] from com.zaxxer.hikari.pool.HikariPool in HikariPool-9 housekeeper - HikariPool-9 - Thread starvation or clock leap detected (housekeeper delta=15m9s188ms).
2020-03-15 02:21:49,195 [WARN] from com.zaxxer.hikari.pool.HikariPool in HikariPool-9 housekeeper - HikariPool-9 - Thread starvation or clock leap detected (housekeeper delta=3h3m31s299ms).
2020-03-15 06:19:23,125 [WARN] from com.zaxxer.hikari.pool.HikariPool in HikariPool-9 housekeeper - HikariPool-9 - Thread starvation or clock leap detected (housekeeper delta=3h57m4s20ms).
2020-03-15 06:29:46,839 [WARN] from com.zaxxer.hikari.pool.HikariPool in HikariPool-9 housekeeper - HikariPool-9 - Thread starvation or clock leap detected (housekeeper delta=9m49s419ms).
2020-03-15 06:33:06,877 [WARN] from com.zaxxer.hikari.pool.HikariPool in HikariPool-9 housekeeper - HikariPool-9 - Thread starvation or clock leap detected (housekeeper delta=2m50s35ms).
2020-03-15 11:19:03,290 [WARN] from com.zaxxer.hikari.pool.HikariPool in HikariPool-9 housekeeper - HikariPool-9 - Thread starvation or clock leap detected (housekeeper delta=4h45m56s413ms).
2020-03-15 11:20:54,680 [WARN] from com.zaxxer.hikari.pool.HikariPool in HikariPool-9 housekeeper - HikariPool-9 - Thread starvation or clock leap detected (housekeeper delta=1m51s390ms).
2020-03-15 11:23:59,625 [WARN] from com.zaxxer.hikari.pool.HikariPool in HikariPool-9 housekeeper - HikariPool-9 - Thread starvation or clock leap detected (housekeeper delta=52s432ms).
2020-03-15 11:30:31,083 [WARN] from com.zaxxer.hikari.pool.HikariPool in HikariPool-9 housekeeper - HikariPool-9 - Thread starvation or clock leap detected (housekeeper delta=6m31s458ms).
2020-03-15 13:49:46,695 [WARN] from com.zaxxer.hikari.pool.HikariPool in HikariPool-9 housekeeper - HikariPool-9 - Thread starvation or clock leap detected (housekeeper delta=31m14s277ms).
2020-03-15 14:27:40,995 [WARN] from com.zaxxer.hikari.pool.HikariPool in HikariPool-9 housekeeper - HikariPool-9 - Thread starvation or clock leap detected (housekeeper delta=37m24s293ms).
2020-03-15 14:33:24,025 [WARN] from com.zaxxer.hikari.pool.HikariPool in HikariPool-9 housekeeper - HikariPool-9 - Thread starvation or clock leap detected (housekeeper delta=5m13s30ms).
2020-03-15 14:38:37,685 [WARN] from com.zaxxer.hikari.pool.HikariPool in HikariPool-9 housekeeper - HikariPool-9 - Thread starvation or clock leap detected (housekeeper delta=5m13s660ms).
2020-03-15 14:44:20,720 [WARN] from com.zaxxer.hikari.pool.HikariPool in HikariPool-9 housekeeper - HikariPool-9 - Thread starvation or clock leap detected (housekeeper delta=5m13s29ms).
2020-03-15 14:50:03,753 [WARN] from com.zaxxer.hikari.pool.HikariPool in HikariPool-9 housekeeper - HikariPool-9 - Thread starvation or clock leap detected (housekeeper delta=5m13s24ms).
2020-03-15 14:55:46,784 [WARN] from com.zaxxer.hikari.pool.HikariPool in HikariPool-9 housekeeper - HikariPool-9 - Thread starvation or clock leap detected (housekeeper delta=5m13s22ms).
2020-03-15 15:01:29,825 [WARN] from com.zaxxer.hikari.pool.HikariPool in HikariPool-9 housekeeper - HikariPool-9 - Thread starvation or clock leap detected (housekeeper delta=5m13s31ms).
2020-03-15 15:19:34,434 [WARN] from com.zaxxer.hikari.pool.HikariPool in HikariPool-9 housekeeper - HikariPool-9 - Thread starvation or clock leap detected (housekeeper delta=18m4s609ms).
2020-03-15 15:24:46,084 [WARN] from com.zaxxer.hikari.pool.HikariPool in HikariPool-9 housekeeper - HikariPool-9 - Thread starvation or clock leap detected (housekeeper delta=5m11s650ms).
2020-03-15 15:30:29,121 [WARN] from com.zaxxer.hikari.pool.HikariPool in HikariPool-9 housekeeper - HikariPool-9 - Thread starvation or clock leap detected (housekeeper delta=5m13s34ms).
2020-03-15 15:40:30,186 [WARN] from com.zaxxer.hikari.pool.HikariPool in HikariPool-9 housekeeper - HikariPool-9 - Thread starvation or clock leap detected (housekeeper delta=9m31s64ms).
2020-03-15 15:46:13,215 [WARN] from com.zaxxer.hikari.pool.HikariPool in HikariPool-9 housekeeper - HikariPool-9 - Thread starvation or clock leap detected (housekeeper delta=5m13s21ms).
2020-03-15 15:51:56,235 [WARN] from com.zaxxer.hikari.pool.HikariPool in HikariPool-9 housekeeper - HikariPool-9 - Thread starvation or clock leap detected (housekeeper delta=5m13s15ms).
2020-03-15 16:01:57,286 [WARN] from com.zaxxer.hikari.pool.HikariPool in HikariPool-9 housekeeper - HikariPool-9 - Thread starvation or clock leap detected (housekeeper delta=9m31s44ms).
2020-03-15 16:07:10,309 [WARN] from com.zaxxer.hikari.pool.HikariPool in HikariPool-9 housekeeper - HikariPool-9 - Thread starvation or clock leap detected (housekeeper delta=5m13s22ms).
2020-03-15 16:23:59,275 [WARN] from com.zaxxer.hikari.pool.HikariPool in HikariPool-9 housekeeper - HikariPool-9 - Thread starvation or clock leap detected (housekeeper delta=16m18s960ms).
2020-03-15 19:15:35,541 [WARN] from com.zaxxer.hikari.pool.HikariPool in HikariPool-9 housekeeper - HikariPool-9 - Thread starvation or clock leap detected (housekeeper delta=27m35s65ms).
2020-03-15 19:21:03,950 [WARN] from com.zaxxer.hikari.pool.HikariPool in HikariPool-9 housekeeper - HikariPool-9 - Thread starvation or clock leap detected (housekeeper delta=5m28s409ms).
2020-03-15 19:41:02,846 [WARN] from com.zaxxer.hikari.pool.HikariPool in HikariPool-9 housekeeper - HikariPool-9 - Thread starvation or clock leap detected (housekeeper delta=19m28s894ms).
2020-03-15 21:33:57,817 [WARN] from com.zaxxer.hikari.pool.HikariPool in HikariPool-9 housekeeper - HikariPool-9 - Thread starvation or clock leap detected (housekeeper delta=1h52m19s385ms).
2020-03-15 21:34:47,706 [WARN] from com.zaxxer.hikari.pool.HikariPool in HikariPool-9 housekeeper - HikariPool-9 - Thread starvation or clock leap detected (housekeeper delta=49s916ms).
2020-03-15 21:35:38,768 [WARN] from com.zaxxer.hikari.pool.HikariPool in HikariPool-9 housekeeper - HikariPool-9 - Thread starvation or clock leap detected (housekeeper delta=51s68ms).
2020-03-15 21:37:07,059 [WARN] from com.zaxxer.hikari.pool.HikariPool in HikariPool-9 housekeeper - HikariPool-9 - Thread starvation or clock leap detected (housekeeper delta=48s866ms).
2020-03-15 21:37:57,193 [WARN] from com.zaxxer.hikari.pool.HikariPool in HikariPool-9 housekeeper - HikariPool-9 - Thread starvation or clock leap detected (housekeeper delta=50s121ms).
2020-03-15 21:38:47,625 [WARN] from com.zaxxer.hikari.pool.HikariPool in HikariPool-9 housekeeper - HikariPool-9 - Thread starvation or clock leap detected (housekeeper delta=50s424ms).
2020-03-15 21:39:38,557 [WARN] from com.zaxxer.hikari.pool.HikariPool in HikariPool-9 housekeeper - HikariPool-9 - Thread starvation or clock leap detected (housekeeper delta=50s945ms).
2020-03-15 21:41:06,594 [WARN] from com.zaxxer.hikari.pool.HikariPool in HikariPool-9 housekeeper - HikariPool-9 - Thread starvation or clock leap detected (housekeeper delta=48s818ms).
2020-03-15 21:41:55,404 [WARN] from com.zaxxer.hikari.pool.HikariPool in HikariPool-9 housekeeper - HikariPool-9 - Thread starvation or clock leap detected (housekeeper delta=48s810ms).
2020-03-15 21:42:44,260 [WARN] from com.zaxxer.hikari.pool.HikariPool in HikariPool-9 housekeeper - HikariPool-9 - Thread starvation or clock leap detected (housekeeper delta=48s855ms).
2020-03-15 21:43:33,111 [WARN] from com.zaxxer.hikari.pool.HikariPool in HikariPool-9 housekeeper - HikariPool-9 - Thread starvation or clock leap detected (housekeeper delta=48s851ms).
2020-03-15 21:44:22,821 [WARN] from com.zaxxer.hikari.pool.HikariPool in HikariPool-9 housekeeper - HikariPool-9 - Thread starvation or clock leap detected (housekeeper delta=49s692ms).
2020-03-15 21:45:13,465 [WARN] from com.zaxxer.hikari.pool.HikariPool in HikariPool-9 housekeeper - HikariPool-9 - Thread starvation or clock leap detected (housekeeper delta=50s653ms).
2020-03-15 21:46:04,001 [WARN] from com.zaxxer.hikari.pool.HikariPool in HikariPool-9 housekeeper - HikariPool-9 - Thread starvation or clock leap detected (housekeeper delta=50s521ms).
2020-03-15 21:47:32,273 [WARN] from com.zaxxer.hikari.pool.HikariPool in HikariPool-9 housekeeper - HikariPool-9 - Thread starvation or clock leap detected (housekeeper delta=48s829ms).
2020-03-15 21:48:26,424 [WARN] from com.zaxxer.hikari.pool.HikariPool in HikariPool-9 housekeeper - HikariPool-9 - Thread starvation or clock leap detected (housekeeper delta=54s144ms).
2020-03-15 21:49:15,341 [WARN] from com.zaxxer.hikari.pool.HikariPool in HikariPool-9 housekeeper - HikariPool-9 - Thread starvation or clock leap detected (housekeeper delta=48s926ms).
2020-03-15 21:50:04,141 [WARN] from com.zaxxer.hikari.pool.HikariPool in HikariPool-9 housekeeper - HikariPool-9 - Thread starvation or clock leap detected (housekeeper delta=48s797ms).
2020-03-15 21:50:58,431 [WARN] from com.zaxxer.hikari.pool.HikariPool in HikariPool-9 housekeeper - HikariPool-9 - Thread starvation or clock leap detected (housekeeper delta=54s290ms).
2020-03-15 21:51:53,248 [WARN] from com.zaxxer.hikari.pool.HikariPool in HikariPool-9 housekeeper - HikariPool-9 - Thread starvation or clock leap detected (housekeeper delta=54s799ms).
2020-03-15 21:52:42,690 [WARN] from com.zaxxer.hikari.pool.HikariPool in HikariPool-9 housekeeper - HikariPool-9 - Thread starvation or clock leap detected (housekeeper delta=49s432ms).
2020-03-15 21:53:39,455 [WARN] from com.zaxxer.hikari.pool.HikariPool in HikariPool-9 housekeeper - HikariPool-9 - Thread starvation or clock leap detected (housekeeper delta=56s764ms).
2020-03-15 21:54:30,630 [WARN] from com.zaxxer.hikari.pool.HikariPool in HikariPool-9 housekeeper - HikariPool-9 - Thread starvation or clock leap detected (housekeeper delta=51s192ms).
2020-03-15 21:56:04,356 [WARN] from com.zaxxer.hikari.pool.HikariPool in HikariPool-9 housekeeper - HikariPool-9 - Thread starvation or clock leap detected (housekeeper delta=54s229ms).
2020-03-15 21:56:53,266 [WARN] from com.zaxxer.hikari.pool.HikariPool in HikariPool-9 housekeeper - HikariPool-9 - Thread starvation or clock leap detected (housekeeper delta=48s909ms).
2020-03-15 21:57:42,138 [WARN] from com.zaxxer.hikari.pool.HikariPool in HikariPool-9 housekeeper - HikariPool-9 - Thread starvation or clock leap detected (housekeeper delta=48s874ms).
2020-03-15 21:58:30,968 [WARN] from com.zaxxer.hikari.pool.HikariPool in HikariPool-9 housekeeper - HikariPool-9 - Thread starvation or clock leap detected (housekeeper delta=48s823ms).
2020-03-15 21:59:20,143 [WARN] from com.zaxxer.hikari.pool.HikariPool in HikariPool-9 housekeeper - HikariPool-9 - Thread starvation or clock leap detected (housekeeper delta=49s169ms).
2020-03-15 22:00:10,745 [WARN] from com.zaxxer.hikari.pool.HikariPool in HikariPool-9 housekeeper - HikariPool-9 - Thread starvation or clock leap detected (housekeeper delta=50s607ms).
2020-03-15 22:01:01,676 [WARN] from com.zaxxer.hikari.pool.HikariPool in HikariPool-9 housekeeper - HikariPool-9 - Thread starvation or clock leap detected (housekeeper delta=50s908ms).
2020-03-15 22:01:52,085 [WARN] from com.zaxxer.hikari.pool.HikariPool in HikariPool-9 housekeeper - HikariPool-9 - Thread starvation or clock leap detected (housekeeper delta=50s432ms).
2020-03-15 22:02:42,885 [WARN] from com.zaxxer.hikari.pool.HikariPool in HikariPool-9 housekeeper - HikariPool-9 - Thread starvation or clock leap detected (housekeeper delta=50s782ms).
2020-03-15 22:03:33,188 [WARN] from com.zaxxer.hikari.pool.HikariPool in HikariPool-9 housekeeper - HikariPool-9 - Thread starvation or clock leap detected (housekeeper delta=50s303ms).
2020-03-15 22:04:24,632 [WARN] from com.zaxxer.hikari.pool.HikariPool in HikariPool-9 housekeeper - HikariPool-9 - Thread starvation or clock leap detected (housekeeper delta=51s416ms).
2020-03-15 22:05:15,125 [WARN] from com.zaxxer.hikari.pool.HikariPool in HikariPool-9 housekeeper - HikariPool-9 - Thread starvation or clock leap detected (housekeeper delta=50s452ms).
2020-03-15 22:06:06,018 [WARN] from com.zaxxer.hikari.pool.HikariPool in HikariPool-9 housekeeper - HikariPool-9 - Thread starvation or clock leap detected (housekeeper delta=50s967ms).
2020-03-15 22:06:57,145 [WARN] from com.zaxxer.hikari.pool.HikariPool in HikariPool-9 housekeeper - HikariPool-9 - Thread starvation or clock leap detected (housekeeper delta=51s143ms).
2020-03-15 22:07:48,623 [WARN] from com.zaxxer.hikari.pool.HikariPool in HikariPool-9 housekeeper - HikariPool-9 - Thread starvation or clock leap detected (housekeeper delta=51s427ms).
2020-03-15 22:08:39,883 [WARN] from com.zaxxer.hikari.pool.HikariPool in HikariPool-9 housekeeper - HikariPool-9 - Thread starvation or clock leap detected (housekeeper delta=51s288ms).
2020-03-15 22:09:30,331 [WARN] from com.zaxxer.hikari.pool.HikariPool in HikariPool-9 housekeeper - HikariPool-9 - Thread starvation or clock leap detected (housekeeper delta=50s435ms).
2020-03-15 22:11:11,679 [WARN] from com.zaxxer.hikari.pool.HikariPool in HikariPool-9 housekeeper - HikariPool-9 - Thread starvation or clock leap detected (housekeeper delta=1m1s894ms).
2020-03-16 07:23:14,894 [WARN] from com.zaxxer.hikari.pool.HikariPool in HikariPool-9 housekeeper - HikariPool-9 - Thread starvation or clock leap detected (housekeeper delta=9h11m18s742ms).
2020-03-16 09:23:52,968 [WARN] from com.zaxxer.hikari.pool.HikariPool in HikariPool-9 housekeeper - HikariPool-9 - Thread starvation or clock leap detected (housekeeper delta=2h8s58ms).
2020-03-16 10:00:54,176 [WARN] from com.zaxxer.hikari.pool.HikariPool in HikariPool-9 housekeeper - HikariPool-9 - Thread starvation or clock leap detected (housekeeper delta=7m31s).
2020-03-16 10:53:55,247 [WARN] from com.zaxxer.hikari.pool.HikariPool in HikariPool-9 housekeeper - HikariPool-9 - Thread starvation or clock leap detected (housekeeper delta=6m766ms).
2020-03-16 12:20:33,784 [WARN] from com.zaxxer.hikari.pool.HikariPool in HikariPool-9 housekeeper - HikariPool-9 - Thread starvation or clock leap detected (housekeeper delta=8m8s11ms).
2020-03-16 14:06:49,551 [WARN] from com.zaxxer.hikari.pool.HikariPool in HikariPool-9 housekeeper - HikariPool-9 - Thread starvation or clock leap detected (housekeeper delta=14m15s98ms).
2020-03-16 14:42:01,638 [WARN] from com.zaxxer.hikari.pool.HikariPool in HikariPool-9 housekeeper - HikariPool-9 - Thread starvation or clock leap detected (housekeeper delta=30m42s54ms).
2020-03-16 15:29:06,426 [WARN] from com.zaxxer.hikari.pool.HikariPool in HikariPool-9 housekeeper - HikariPool-9 - Thread starvation or clock leap detected (housekeeper delta=46m34s784ms).
2020-03-16 15:58:34,460 [WARN] from com.zaxxer.hikari.pool.HikariPool in HikariPool-9 housekeeper - HikariPool-9 - Thread starvation or clock leap detected (housekeeper delta=28m28s24ms).
2020-03-16 19:44:55,299 [WARN] from com.zaxxer.hikari.pool.HikariPool in HikariPool-9 housekeeper - HikariPool-9 - Thread starvation or clock leap detected (housekeeper delta=1m18s437ms).
2020-03-16 20:09:27,412 [WARN] from com.zaxxer.hikari.pool.HikariPool in HikariPool-9 housekeeper - HikariPool-9 - Thread starvation or clock leap detected (housekeeper delta=24m32s113ms).
2020-03-17 07:44:40,994 [WARN] from com.zaxxer.hikari.pool.HikariPool in HikariPool-9 housekeeper - HikariPool-9 - Thread starvation or clock leap detected (housekeeper delta=11h30m55s622ms).
2020-03-17 08:55:59,313 [WARN] from com.zaxxer.hikari.pool.HikariPool in HikariPool-9 housekeeper - HikariPool-9 - Thread starvation or clock leap detected (housekeeper delta=1h11m18s319ms).
2020-03-17 09:20:33,089 [WARN] from com.zaxxer.hikari.pool.HikariPool in HikariPool-9 housekeeper - HikariPool-9 - Thread starvation or clock leap detected (housekeeper delta=24m33s776ms).
2020-03-17 09:25:11,077 [WARN] from com.zaxxer.hikari.pool.HikariPool in HikariPool-9 housekeeper - HikariPool-9 - Thread starvation or clock leap detected (housekeeper delta=4m37s988ms).
2020-03-17 10:00:20,899 [WARN] from com.zaxxer.hikari.pool.HikariPool in HikariPool-9 housekeeper - HikariPool-9 - Thread starvation or clock leap detected (housekeeper delta=6m9s641ms).
2020-03-17 10:25:37,396 [WARN] from com.zaxxer.hikari.pool.HikariPool in HikariPool-9 housekeeper - HikariPool-9 - Thread starvation or clock leap detected (housekeeper delta=14m16s437ms).
2020-03-17 11:05:11,478 [WARN] from com.zaxxer.hikari.pool.HikariPool in HikariPool-9 housekeeper - HikariPool-9 - Thread starvation or clock leap detected (housekeeper delta=12m3s921ms).
2020-03-17 11:44:52,287 [WARN] from com.zaxxer.hikari.pool.HikariPool in HikariPool-9 housekeeper - HikariPool-9 - Thread starvation or clock leap detected (housekeeper delta=13m10s652ms).
2020-03-17 14:22:36,707 [WARN] from com.zaxxer.hikari.pool.HikariPool in HikariPool-9 housekeeper - HikariPool-9 - Thread starvation or clock leap detected (housekeeper delta=1h58m14s179ms).
2020-03-18 00:25:30,583 [WARN] from com.zaxxer.hikari.pool.HikariPool in HikariPool-9 housekeeper - HikariPool-9 - Thread starvation or clock leap detected (housekeeper delta=10h2m53s775ms).
2020-03-18 10:10:29,515 [WARN] from com.zaxxer.hikari.pool.HikariPool in HikariPool-9 housekeeper - HikariPool-9 - Thread starvation or clock leap detected (housekeeper delta=9h44m59s32ms).
2020-03-18 10:10:59,185 [WARN] from com.zaxxer.hikari.pool.HikariPool in HikariPool-9 housekeeper - HikariPool-9 - Retrograde clock change detected (housekeeper delta=29s665ms), soft-evicting connections from pool.
2020-03-18 10:45:52,311 [WARN] from com.zaxxer.hikari.pool.HikariPool in HikariPool-9 housekeeper - HikariPool-9 - Thread starvation or clock leap detected (housekeeper delta=22m23s15ms).
2020-03-18 11:27:31,103 [WARN] from com.zaxxer.hikari.pool.HikariPool in HikariPool-9 housekeeper - HikariPool-9 - Thread starvation or clock leap detected (housekeeper delta=40m8s779ms).
2020-03-18 14:01:39,055 [WARN] from com.zaxxer.hikari.pool.HikariPool in HikariPool-9 housekeeper - HikariPool-9 - Thread starvation or clock leap detected (housekeeper delta=2h34m7s952ms).
2020-03-18 16:12:52,118 [WARN] from com.zaxxer.hikari.pool.HikariPool in HikariPool-9 housekeeper - HikariPool-9 - Thread starvation or clock leap detected (housekeeper delta=1h34m12s759ms).
2020-03-19 04:14:43,713 [WARN] from com.zaxxer.hikari.pool.HikariPool in HikariPool-9 housekeeper - HikariPool-9 - Thread starvation or clock leap detected (housekeeper delta=12h1m21s545ms).
2020-03-19 10:40:35,827 [WARN] from com.zaxxer.hikari.pool.HikariPool in HikariPool-9 housekeeper - HikariPool-9 - Thread starvation or clock leap detected (housekeeper delta=6h25m52s116ms).
2020-03-19 10:41:35,639 [WARN] from com.zaxxer.hikari.pool.HikariPool in HikariPool-9 housekeeper - HikariPool-9 - Retrograde clock change detected (housekeeper delta=29s807ms), soft-evicting connections from pool.
2020-03-19 11:03:22,376 [WARN] from com.zaxxer.hikari.pool.HikariPool in HikariPool-9 housekeeper - HikariPool-9 - Thread starvation or clock leap detected (housekeeper delta=21m46s736ms).
2020-03-19 11:57:09,004 [WARN] from com.zaxxer.hikari.pool.HikariPool in HikariPool-9 housekeeper - HikariPool-9 - Thread starvation or clock leap detected (housekeeper delta=53m46s629ms).
2020-03-19 12:12:46,593 [WARN] from com.zaxxer.hikari.pool.HikariPool in HikariPool-9 housekeeper - HikariPool-9 - Thread starvation or clock leap detected (housekeeper delta=8m37s548ms).
2020-03-19 14:00:25,907 [WARN] from com.zaxxer.hikari.pool.HikariPool in HikariPool-9 housekeeper - HikariPool-9 - Thread starvation or clock leap detected (housekeeper delta=1h26m39s164ms).
2020-03-19 15:36:30,259 [WARN] from com.zaxxer.hikari.pool.HikariPool in HikariPool-9 housekeeper - HikariPool-9 - Thread starvation or clock leap detected (housekeeper delta=1h27m34s323ms).
2020-03-19 17:56:36,008 [WARN] from com.zaxxer.hikari.pool.HikariPool in HikariPool-9 housekeeper - HikariPool-9 - Thread starvation or clock leap detected (housekeeper delta=40m5s172ms).
2020-03-19 18:29:57,691 [WARN] from com.zaxxer.hikari.pool.HikariPool in HikariPool-9 housekeeper - HikariPool-9 - Thread starvation or clock leap detected (housekeeper delta=32m51s675ms).
2020-03-19 19:08:40,630 [WARN] from com.zaxxer.hikari.pool.HikariPool in HikariPool-9 housekeeper - HikariPool-9 - Thread starvation or clock leap detected (housekeeper delta=38m12s939ms).
2020-03-19 19:58:31,732 [WARN] from com.zaxxer.hikari.pool.HikariPool in HikariPool-9 housekeeper - HikariPool-9 - Thread starvation or clock leap detected (housekeeper delta=49m51s102ms).
2020-03-19 20:09:38,301 [WARN] from com.zaxxer.hikari.pool.HikariPool in HikariPool-9 housekeeper - HikariPool-9 - Thread starvation or clock leap detected (housekeeper delta=10m36s577ms).
2020-03-20 08:10:29,031 [WARN] from com.zaxxer.hikari.pool.HikariPool in HikariPool-9 housekeeper - HikariPool-9 - Thread starvation or clock leap detected (housekeeper delta=12h50s727ms).
2020-03-20 08:33:39,624 [WARN] from com.zaxxer.hikari.pool.HikariPool in HikariPool-9 housekeeper - HikariPool-9 - Thread starvation or clock leap detected (housekeeper delta=23m10s596ms).
2020-03-20 08:37:16,442 [WARN] from com.zaxxer.hikari.pool.HikariPool in HikariPool-9 housekeeper - HikariPool-9 - Thread starvation or clock leap detected (housekeeper delta=3m36s818ms).
2020-03-20 08:54:11,440 [WARN] from com.zaxxer.hikari.pool.HikariPool in HikariPool-9 housekeeper - HikariPool-9 - Thread starvation or clock leap detected (housekeeper delta=15m54s990ms).
2020-03-20 10:21:31,449 [WARN] from com.zaxxer.hikari.pool.HikariPool in HikariPool-9 housekeeper - HikariPool-9 - Thread starvation or clock leap detected (housekeeper delta=1h27m20s9ms).
2020-03-20 10:39:18,850 [WARN] from com.zaxxer.hikari.pool.HikariPool in HikariPool-9 housekeeper - HikariPool-9 - Thread starvation or clock leap detected (housekeeper delta=14m47s383ms).
2020-03-20 10:46:12,655 [WARN] from com.zaxxer.hikari.pool.HikariPool in HikariPool-9 housekeeper - HikariPool-9 - Thread starvation or clock leap detected (housekeeper delta=6m53s805ms).
2020-03-20 10:47:04,292 [WARN] from com.zaxxer.hikari.pool.HikariPool in HikariPool-9 housekeeper - HikariPool-9 - Thread starvation or clock leap detected (housekeeper delta=51s637ms).
2020-03-20 11:05:20,303 [WARN] from com.zaxxer.hikari.pool.HikariPool in HikariPool-9 housekeeper - HikariPool-9 - Thread starvation or clock leap detected (housekeeper delta=16m15s995ms).
2020-03-20 11:13:09,475 [WARN] from com.zaxxer.hikari.pool.HikariPool in HikariPool-9 housekeeper - HikariPool-9 - Thread starvation or clock leap detected (housekeeper delta=5m19s152ms).
2020-03-20 13:15:08,030 [WARN] from com.zaxxer.hikari.pool.HikariPool in HikariPool-9 housekeeper - HikariPool-9 - Thread starvation or clock leap detected (housekeeper delta=2h28s549ms).
2020-03-20 14:38:38,924 [WARN] from com.zaxxer.hikari.pool.HikariPool in HikariPool-9 housekeeper - HikariPool-9 - Thread starvation or clock leap detected (housekeeper delta=1h23m30s894ms).
2020-03-20 18:40:38,626 [WARN] from com.zaxxer.hikari.pool.HikariPool in HikariPool-9 housekeeper - HikariPool-9 - Thread starvation or clock leap detected (housekeeper delta=4h29s707ms).
2020-03-21 02:41:14,574 [WARN] from com.zaxxer.hikari.pool.HikariPool in HikariPool-9 housekeeper - HikariPool-9 - Thread starvation or clock leap detected (housekeeper delta=8h35s946ms).
2020-03-22 08:43:38,412 [WARN] from com.zaxxer.hikari.pool.HikariPool in HikariPool-9 housekeeper - HikariPool-9 - Thread starvation or clock leap detected (housekeeper delta=1d6h2m23s834ms).
2020-03-22 19:08:40,718 [WARN] from com.zaxxer.hikari.pool.HikariPool in HikariPool-9 housekeeper - HikariPool-9 - Thread starvation or clock leap detected (housekeeper delta=10h25m2s312ms).
2020-03-22 19:09:10,541 [WARN] from com.zaxxer.hikari.pool.HikariPool in HikariPool-9 housekeeper - HikariPool-9 - Retrograde clock change detected (housekeeper delta=29s823ms), soft-evicting connections from pool.
2020-03-22 19:25:35,521 [WARN] from com.zaxxer.hikari.pool.HikariPool in HikariPool-9 housekeeper - HikariPool-9 - Thread starvation or clock leap detected (housekeeper delta=15m54s970ms).
2020-03-22 19:29:16,029 [WARN] from com.zaxxer.hikari.pool.HikariPool in HikariPool-9 housekeeper - HikariPool-9 - Thread starvation or clock leap detected (housekeeper delta=3m40s508ms).
2020-03-23 07:11:15,126 [WARN] from com.zaxxer.hikari.pool.HikariPool in HikariPool-9 housekeeper - HikariPool-9 - Thread starvation or clock leap detected (housekeeper delta=11h41m59s94ms).
2020-03-23 08:42:40,086 [WARN] from com.zaxxer.hikari.pool.HikariPool in HikariPool-9 housekeeper - HikariPool-9 - Thread starvation or clock leap detected (housekeeper delta=1h31m24s960ms).
2020-03-23 08:54:05,853 [WARN] from com.zaxxer.hikari.pool.HikariPool in HikariPool-9 housekeeper - HikariPool-9 - Thread starvation or clock leap detected (housekeeper delta=10m25s749ms).
2020-03-23 09:02:45,128 [WARN] from com.zaxxer.hikari.pool.HikariPool in HikariPool-9 housekeeper - HikariPool-9 - Thread starvation or clock leap detected (housekeeper delta=7m39s267ms).
2020-03-23 09:13:02,130 [WARN] from com.zaxxer.hikari.pool.HikariPool in HikariPool-9 housekeeper - HikariPool-9 - Thread starvation or clock leap detected (housekeeper delta=8m46s988ms).
2020-03-23 09:50:56,971 [WARN] from com.zaxxer.hikari.pool.HikariPool in HikariPool-9 housekeeper - HikariPool-9 - Thread starvation or clock leap detected (housekeeper delta=8m54s625ms).
2020-03-23 09:58:52,814 [WARN] from com.zaxxer.hikari.pool.HikariPool in HikariPool-9 housekeeper - HikariPool-9 - Thread starvation or clock leap detected (housekeeper delta=2m25s814ms).
2020-03-23 10:31:47,733 [WARN] from com.zaxxer.hikari.pool.HikariPool in HikariPool-9 housekeeper - HikariPool-9 - Thread starvation or clock leap detected (housekeeper delta=7m54s747ms).
2020-03-23 11:04:19,140 [WARN] from com.zaxxer.hikari.pool.HikariPool in HikariPool-9 housekeeper - HikariPool-9 - Thread starvation or clock leap detected (housekeeper delta=9m1s258ms).
2020-03-23 15:57:57,562 [WARN] from com.zaxxer.hikari.pool.HikariPool in HikariPool-9 housekeeper - HikariPool-9 - Thread starvation or clock leap detected (housekeeper delta=4h52m8s426ms).
